# JRE version: Java(TM) SE Runtime Environment (8.0_25-b18) (build 1.8.0_25-b18)
# Java VM: Java HotSpot(TM) 64-Bit Server VM (25.25-b02 mixed mode windows-amd64 compressed oops)
Heap:
 PSYoungGen      total 59392K, used 31780K [0x00000000eb500000, 0x00000000f0300000, 0x0000000100000000)
  eden space 43520K, 44% used [0x00000000eb500000,0x00000000ec7d2aa0,0x00000000edf80000)
  from space 15872K, 78% used [0x00000000edf80000,0x00000000eebb66f8,0x00000000eef00000)
  to   space 16896K, 0% used [0x00000000ef280000,0x00000000ef280000,0x00000000f0300000)
 ParOldGen       total 61952K, used 34880K [0x00000000c1e00000, 0x00000000c5a80000, 0x00000000eb500000)
  object space 61952K, 56% used [0x00000000c1e00000,0x00000000c4010348,0x00000000c5a80000)
 Metaspace       used 34138K, capacity 34818K, committed 35200K, reserved 1081344K
  class space    used 3949K, capacity 4102K, committed 4224K, reserved 1048576K
GC Heap History (10 events):
Event: 123.177 GC heap before
{Heap before GC invocations=27 (full 2):
 PSYoungGen      total 49152K, used 43988K [0x00000000eb500000, 0x00000000ef480000, 0x0000000100000000)
  eden space 36352K, 100% used [0x00000000eb500000,0x00000000ed880000,0x00000000ed880000)
  from space 12800K, 59% used [0x00000000ee800000,0x00000000eef75078,0x00000000ef480000)
  to   space 14336K, 0% used [0x00000000ed880000,0x00000000ed880000,0x00000000ee680000)
 ParOldGen       total 61952K, used 34800K [0x00000000c1e00000, 0x00000000c5a80000, 0x00000000eb500000)
  object space 61952K, 56% used [0x00000000c1e00000,0x00000000c3ffc338,0x00000000c5a80000)
 Metaspace       used 25804K, capacity 26314K, committed 26496K, reserved 1073152K
  class space    used 2989K, capacity 3108K, committed 3200K, reserved 1048576K
Event: 123.206 GC heap after
Heap after GC invocations=27 (full 2):
 PSYoungGen      total 50688K, used 9488K [0x00000000eb500000, 0x00000000efa00000, 0x0000000100000000)
  eden space 36352K, 0% used [0x00000000eb500000,0x00000000eb500000,0x00000000ed880000)
  from space 14336K, 66% used [0x00000000ed880000,0x00000000ee1c4020,0x00000000ee680000)
  to   space 14848K, 0% used [0x00000000eeb80000,0x00000000eeb80000,0x00000000efa00000)
 ParOldGen       total 61952K, used 34800K [0x00000000c1e00000, 0x00000000c5a80000, 0x00000000eb500000)
  object space 61952K, 56% used [0x00000000c1e00000,0x00000000c3ffc338,0x00000000c5a80000)
 Metaspace       used 25804K, capacity 26314K, committed 26496K, reserved 1073152K
  class space    used 2989K, capacity 3108K, committed 3200K, reserved 1048576K
}
Event: 230.478 GC heap before
{Heap before GC invocations=28 (full 2):
 PSYoungGen      total 50688K, used 45840K [0x00000000eb500000, 0x00000000efa00000, 0x0000000100000000)
  eden space 36352K, 100% used [0x00000000eb500000,0x00000000ed880000,0x00000000ed880000)
  from space 14336K, 66% used [0x00000000ed880000,0x00000000ee1c4020,0x00000000ee680000)
  to   space 14848K, 0% used [0x00000000eeb80000,0x00000000eeb80000,0x00000000efa00000)
 ParOldGen       total 61952K, used 34800K [0x00000000c1e00000, 0x00000000c5a80000, 0x00000000eb500000)
  object space 61952K, 56% used [0x00000000c1e00000,0x00000000c3ffc338,0x00000000c5a80000)
 Metaspace       used 26164K, capacity 26678K, committed 27008K, reserved 1073152K
  class space    used 3012K, capacity 3142K, committed 3200K, reserved 1048576K
Event: 230.503 GC heap after
Heap after GC invocations=28 (full 2):
 PSYoungGen      total 54784K, used 8831K [0x00000000eb500000, 0x00000000ef980000, 0x0000000100000000)
  eden space 40448K, 0% used [0x00000000eb500000,0x00000000eb500000,0x00000000edc80000)
  from space 14336K, 61% used [0x00000000eeb80000,0x00000000ef41fd80,0x00000000ef980000)
  to   space 14848K, 0% used [0x00000000edc80000,0x00000000edc80000,0x00000000eeb00000)
 ParOldGen       total 61952K, used 34800K [0x00000000c1e00000, 0x00000000c5a80000, 0x00000000eb500000)
  object space 61952K, 56% used [0x00000000c1e00000,0x00000000c3ffc338,0x00000000c5a80000)
 Metaspace       used 26164K, capacity 26678K, committed 27008K, reserved 1073152K
  class space    used 3012K, capacity 3142K, committed 3200K, reserved 1048576K
}
Event: 256.246 GC heap before
{Heap before GC invocations=29 (full 2):
 PSYoungGen      total 54784K, used 49279K [0x00000000eb500000, 0x00000000ef980000, 0x0000000100000000)
  eden space 40448K, 100% used [0x00000000eb500000,0x00000000edc80000,0x00000000edc80000)
  from space 14336K, 61% used [0x00000000eeb80000,0x00000000ef41fd80,0x00000000ef980000)
  to   space 14848K, 0% used [0x00000000edc80000,0x00000000edc80000,0x00000000eeb00000)
 ParOldGen       total 61952K, used 34800K [0x00000000c1e00000, 0x00000000c5a80000, 0x00000000eb500000)
  object space 61952K, 56% used [0x00000000c1e00000,0x00000000c3ffc338,0x00000000c5a80000)
 Metaspace       used 27409K, capacity 27988K, committed 28160K, reserved 1075200K
  class space    used 3144K, capacity 3279K, committed 3328K, reserved 1048576K
Event: 256.267 GC heap after
Heap after GC invocations=29 (full 2):
 PSYoungGen      total 55296K, used 10718K [0x00000000eb500000, 0x00000000efe00000, 0x0000000100000000)
  eden space 40448K, 0% used [0x00000000eb500000,0x00000000eb500000,0x00000000edc80000)
  from space 14848K, 72% used [0x00000000edc80000,0x00000000ee6f7a90,0x00000000eeb00000)
  to   space 15360K, 0% used [0x00000000eef00000,0x00000000eef00000,0x00000000efe00000)
 ParOldGen       total 61952K, used 34800K [0x00000000c1e00000, 0x00000000c5a80000, 0x00000000eb500000)
  object space 61952K, 56% used [0x00000000c1e00000,0x00000000c3ffc338,0x00000000c5a80000)
 Metaspace       used 27409K, capacity 27988K, committed 28160K, reserved 1075200K
  class space    used 3144K, capacity 3279K, committed 3328K, reserved 1048576K
}
Event: 315.446 GC heap before
{Heap before GC invocations=30 (full 2):
 PSYoungGen      total 55296K, used 51166K [0x00000000eb500000, 0x00000000efe00000, 0x0000000100000000)
  eden space 40448K, 100% used [0x00000000eb500000,0x00000000edc80000,0x00000000edc80000)
  from space 14848K, 72% used [0x00000000edc80000,0x00000000ee6f7a90,0x00000000eeb00000)
  to   space 15360K, 0% used [0x00000000eef00000,0x00000000eef00000,0x00000000efe00000)
 ParOldGen       total 61952K, used 34800K [0x00000000c1e00000, 0x00000000c5a80000, 0x00000000eb500000)
  object space 61952K, 56% used [0x00000000c1e00000,0x00000000c3ffc338,0x00000000c5a80000)
 Metaspace       used 29688K, capacity 30296K, committed 30464K, reserved 1077248K
  class space    used 3393K, capacity 3513K, committed 3584K, reserved 1048576K
Event: 315.464 GC heap after
Heap after GC invocations=30 (full 2):
 PSYoungGen      total 58880K, used 11962K [0x00000000eb500000, 0x00000000efe80000, 0x0000000100000000)
  eden space 43520K, 0% used [0x00000000eb500000,0x00000000eb500000,0x00000000edf80000)
  from space 15360K, 77% used [0x00000000eef00000,0x00000000efaae998,0x00000000efe00000)
  to   space 15872K, 0% used [0x00000000edf80000,0x00000000edf80000,0x00000000eef00000)
 ParOldGen       total 61952K, used 34808K [0x00000000c1e00000, 0x00000000c5a80000, 0x00000000eb500000)
  object space 61952K, 56% used [0x00000000c1e00000,0x00000000c3ffe338,0x00000000c5a80000)
 Metaspace       used 29688K, capacity 30296K, committed 30464K, reserved 1077248K
  class space    used 3393K, capacity 3513K, committed 3584K, reserved 1048576K
}
Event: 325.429 GC heap before
{Heap before GC invocations=31 (full 2):
 PSYoungGen      total 58880K, used 55482K [0x00000000eb500000, 0x00000000efe80000, 0x0000000100000000)
  eden space 43520K, 100% used [0x00000000eb500000,0x00000000edf80000,0x00000000edf80000)
  from space 15360K, 77% used [0x00000000eef00000,0x00000000efaae998,0x00000000efe00000)
  to   space 15872K, 0% used [0x00000000edf80000,0x00000000edf80000,0x00000000eef00000)
 ParOldGen       total 61952K, used 34808K [0x00000000c1e00000, 0x00000000c5a80000, 0x00000000eb500000)
  object space 61952K, 56% used [0x00000000c1e00000,0x00000000c3ffe338,0x00000000c5a80000)
 Metaspace       used 31311K, capacity 31946K, committed 32256K, reserved 1077248K
  class space    used 3620K, capacity 3746K, committed 3840K, reserved 1048576K
Event: 325.446 GC heap after
Heap after GC invocations=31 (full 2):
 PSYoungGen      total 59392K, used 12505K [0x00000000eb500000, 0x00000000f0300000, 0x0000000100000000)
  eden space 43520K, 0% used [0x00000000eb500000,0x00000000eb500000,0x00000000edf80000)
  from space 15872K, 78% used [0x00000000edf80000,0x00000000eebb66f8,0x00000000eef00000)
  to   space 16896K, 0% used [0x00000000ef280000,0x00000000ef280000,0x00000000f0300000)
 ParOldGen       total 61952K, used 34880K [0x00000000c1e00000, 0x00000000c5a80000, 0x00000000eb500000)
  object space 61952K, 56% used [0x00000000c1e00000,0x00000000c4010348,0x00000000c5a80000)
 Metaspace       used 31311K, capacity 31946K, committed 32256K, reserved 1077248K
  class space    used 3620K, capacity 3746K, committed 3840K, reserved 1048576K
}

